<?xml version="1.0" encoding="UTF-8"?>
<!-- Generated by org.testng.reporters.JUnitXMLReporter -->
<testsuite ignored="0" hostname="C02YQGKGLVCF" failures="1" tests="1" name="Test" time="13.928" errors="0" timestamp="07 Jul 2020 08:43:22 GMT">
  <testcase classname="TestCases.TestCaseFirst" name="addToCart" time="4.44">
    <failure type="org.openqa.selenium.StaleElementReferenceException" message="androidx.test.uiautomator.StaleObjectException
	at androidx.test.uiautomator.UiObject2.getAccessibilityNodeInfo(UiObject2.java:647)
	at androidx.test.uiautomator.UiObject2.setText(UiObject2.java:592)
	at androidx.test.uiautomator.UiObject2.clear(UiObject2.java:351)
	at io.appium.uiautomator2.model.UiObject2Element.clear(UiObject2Element.java:172)
	at io.appium.uiautomator2.handler.Clear.safeHandle(Clear.java:46)
	at io.appium.uiautomator2.handler.request.SafeRequestHandler.handle(SafeRequestHandler.java:37)
	at io.appium.uiautomator2.server.AppiumServlet.handleRequest(AppiumServlet.java:252)
	at io.appium.uiautomator2.server.AppiumServlet.handleHttpRequest(AppiumServlet.java:243)
	at io.appium.uiautomator2.http.ServerHandler.channelRead(ServerHandler.java:44)
	at io.netty.channel.AbstractChannelHandlerContext.invokeChannelRead(AbstractChannelHandlerContext.java:366)
	at io.netty.channel.AbstractChannelHandlerContext.invokeChannelRead(AbstractChannelHandlerContext.java:352)
	at io.netty.channel.AbstractChannelHandlerContext.fireChannelRead(AbstractChannelHandlerContext.java:345)
	at io.netty.handler.codec.MessageToMessageDecoder.channelRead(MessageToMessageDecoder.java:102)
	at io.netty.channel.AbstractChannelHandlerContext.invokeChannelRead(AbstractChannelHandlerContext.java:366)
	at io.netty.channel.AbstractChannelHandlerContext.invokeChannelRead(AbstractChannelHandlerContext.java:352)
	at io.netty.channel.AbstractChannelHandlerContext.fireChannelRead(AbstractChannelHandlerContext.java:345)
	at io.netty.channel.CombinedChannelDuplexHandler$DelegatingChannelHandlerContext.fireChannelRead(CombinedChannelDuplexHandler.java:435)
	at io.netty.handler.codec.ByteToMessageDecoder.fireChannelRead(ByteToMessageDecoder.java:293)
	at io.netty.handler.codec.ByteToMessageDecoder.channelRead(ByteToMessageDecoder.java:267)
	at io.netty.channel.CombinedChannelDuplexHandler.channelRead(CombinedChannelDuplexHandler.java:250)
	at io.netty.channel.AbstractChannelHandlerContext.invokeChannelRead(AbstractChannelHandlerContext.java:366)
	at io.netty.channel.AbstractChannelHandlerContext.invokeChannelRead(AbstractChannelHandlerContext.java:352)
	at io.netty.channel.AbstractChannelHandlerContext.fireChannelRead(AbstractChannelHandlerContext.java:345)
	at io.netty.channel.DefaultChannelPipeline$HeadContext.channelRead(DefaultChannelPipeline.java:1294)
	at io.netty.channel.AbstractChannelHandlerContext.invokeChannelRead(AbstractChannelHandlerContext.java:366)
	at io.netty.channel.AbstractChannelHandlerContext.invokeChannelRead(AbstractChannelHandlerContext.java:352)
	at io.netty.channel.DefaultChannelPipeline.fireChannelRead(DefaultChannelPipeline.java:911)
	at io.netty.channel.nio.AbstractNioByteChannel$NioByteUnsafe.read(AbstractNioByteChannel.java:131)
	at io.netty.channel.nio.NioEventLoop.processSelectedKey(NioEventLoop.java:611)
	at io.netty.channel.nio.NioEventLoop.processSelectedKeysOptimized(NioEventLoop.java:552)
	at io.netty.channel.nio.NioEventLoop.processSelectedKeys(NioEventLoop.java:466)
	at io.netty.channel.nio.NioEventLoop.run(NioEventLoop.java:438)
	at io.netty.util.concurrent.SingleThreadEventExecutor$2.run(SingleThreadEventExecutor.java:140)
	at io.netty.util.concurrent.DefaultThreadFactory$DefaultRunnableDecorator.run(DefaultThreadFactory.java:144)
	at java.lang.Thread.run(Thread.java:919)

For documentation on this error, please visit: https://www.seleniumhq.org/exceptions/stale_element_reference.html
Build info: version: &amp;apos;3.141.59&amp;apos;, revision: &amp;apos;e82be7d358&amp;apos;, time: &amp;apos;2018-11-14T08:17:03&amp;apos;
System info: host: &amp;apos;C02YQGKGLVCF&amp;apos;, ip: &amp;apos;fe80:0:0:0:8b1:b2:848f:c8ed%en0&amp;apos;, os.name: &amp;apos;Mac OS X&amp;apos;, os.arch: &amp;apos;x86_64&amp;apos;, os.version: &amp;apos;10.14.5&amp;apos;, java.version: &amp;apos;12.0.2&amp;apos;
Driver info: io.appium.java_client.android.AndroidDriver
Capabilities {appActivity: com.amazon.mShop.home.HomeA..., appPackage: com.amazon.mShop.android.sh..., automationName: uiautomator2, databaseEnabled: false, desired: {appActivity: com.amazon.mShop.home.HomeA..., appPackage: com.amazon.mShop.android.sh..., automationName: uiautomator2, deviceName: PocoF1, newCommandTimeout: 14, platformName: android, udid: c88df41a}, deviceApiLevel: 29, deviceManufacturer: Xiaomi, deviceModel: POCO F1, deviceName: c88df41a, deviceScreenDensity: 440, deviceScreenSize: 1080x2246, deviceUDID: c88df41a, javascriptEnabled: true, locationContextEnabled: false, networkConnectionEnabled: true, newCommandTimeout: 14, pixelRatio: 2.75, platform: LINUX, platformName: Android, platformVersion: 10, statBarHeight: 89, takesScreenshot: true, udid: c88df41a, viewportRect: {height: 1938, left: 0, top: 89, width: 1080}, warnings: {}, webStorageEnabled: false}
Session ID: 21592917-48c9-4953-b04e-af8d57e89c88">
      <![CDATA[org.openqa.selenium.StaleElementReferenceException: androidx.test.uiautomator.StaleObjectException
at androidx.test.uiautomator.UiObject2.getAccessibilityNodeInfo(UiObject2.java:647)
at androidx.test.uiautomator.UiObject2.setText(UiObject2.java:592)
at androidx.test.uiautomator.UiObject2.clear(UiObject2.java:351)
at io.appium.uiautomator2.model.UiObject2Element.clear(UiObject2Element.java:172)
at io.appium.uiautomator2.handler.Clear.safeHandle(Clear.java:46)
at io.appium.uiautomator2.handler.request.SafeRequestHandler.handle(SafeRequestHandler.java:37)
at io.appium.uiautomator2.server.AppiumServlet.handleRequest(AppiumServlet.java:252)
at io.appium.uiautomator2.server.AppiumServlet.handleHttpRequest(AppiumServlet.java:243)
at io.appium.uiautomator2.http.ServerHandler.channelRead(ServerHandler.java:44)
at io.netty.channel.AbstractChannelHandlerContext.invokeChannelRead(AbstractChannelHandlerContext.java:366)
at io.netty.channel.AbstractChannelHandlerContext.invokeChannelRead(AbstractChannelHandlerContext.java:352)
at io.netty.channel.AbstractChannelHandlerContext.fireChannelRead(AbstractChannelHandlerContext.java:345)
at io.netty.handler.codec.MessageToMessageDecoder.channelRead(MessageToMessageDecoder.java:102)
at io.netty.channel.AbstractChannelHandlerContext.invokeChannelRead(AbstractChannelHandlerContext.java:366)
at io.netty.channel.AbstractChannelHandlerContext.invokeChannelRead(AbstractChannelHandlerContext.java:352)
at io.netty.channel.AbstractChannelHandlerContext.fireChannelRead(AbstractChannelHandlerContext.java:345)
at io.netty.channel.CombinedChannelDuplexHandler$DelegatingChannelHandlerContext.fireChannelRead(CombinedChannelDuplexHandler.java:435)
at io.netty.handler.codec.ByteToMessageDecoder.fireChannelRead(ByteToMessageDecoder.java:293)
at io.netty.handler.codec.ByteToMessageDecoder.channelRead(ByteToMessageDecoder.java:267)
at io.netty.channel.CombinedChannelDuplexHandler.channelRead(CombinedChannelDuplexHandler.java:250)
at io.netty.channel.AbstractChannelHandlerContext.invokeChannelRead(AbstractChannelHandlerContext.java:366)
at io.netty.channel.AbstractChannelHandlerContext.invokeChannelRead(AbstractChannelHandlerContext.java:352)
at io.netty.channel.AbstractChannelHandlerContext.fireChannelRead(AbstractChannelHandlerContext.java:345)
at io.netty.channel.DefaultChannelPipeline$HeadContext.channelRead(DefaultChannelPipeline.java:1294)
at io.netty.channel.AbstractChannelHandlerContext.invokeChannelRead(AbstractChannelHandlerContext.java:366)
at io.netty.channel.AbstractChannelHandlerContext.invokeChannelRead(AbstractChannelHandlerContext.java:352)
at io.netty.channel.DefaultChannelPipeline.fireChannelRead(DefaultChannelPipeline.java:911)
at io.netty.channel.nio.AbstractNioByteChannel$NioByteUnsafe.read(AbstractNioByteChannel.java:131)
at io.netty.channel.nio.NioEventLoop.processSelectedKey(NioEventLoop.java:611)
at io.netty.channel.nio.NioEventLoop.processSelectedKeysOptimized(NioEventLoop.java:552)
at io.netty.channel.nio.NioEventLoop.processSelectedKeys(NioEventLoop.java:466)
at io.netty.channel.nio.NioEventLoop.run(NioEventLoop.java:438)
at io.netty.util.concurrent.SingleThreadEventExecutor$2.run(SingleThreadEventExecutor.java:140)
at io.netty.util.concurrent.DefaultThreadFactory$DefaultRunnableDecorator.run(DefaultThreadFactory.java:144)
at java.lang.Thread.run(Thread.java:919)

For documentation on this error, please visit: https://www.seleniumhq.org/exceptions/stale_element_reference.html
Build info: version: '3.141.59', revision: 'e82be7d358', time: '2018-11-14T08:17:03'
System info: host: 'C02YQGKGLVCF', ip: 'fe80:0:0:0:8b1:b2:848f:c8ed%en0', os.name: 'Mac OS X', os.arch: 'x86_64', os.version: '10.14.5', java.version: '12.0.2'
Driver info: io.appium.java_client.android.AndroidDriver
Capabilities {appActivity: com.amazon.mShop.home.HomeA..., appPackage: com.amazon.mShop.android.sh..., automationName: uiautomator2, databaseEnabled: false, desired: {appActivity: com.amazon.mShop.home.HomeA..., appPackage: com.amazon.mShop.android.sh..., automationName: uiautomator2, deviceName: PocoF1, newCommandTimeout: 14, platformName: android, udid: c88df41a}, deviceApiLevel: 29, deviceManufacturer: Xiaomi, deviceModel: POCO F1, deviceName: c88df41a, deviceScreenDensity: 440, deviceScreenSize: 1080x2246, deviceUDID: c88df41a, javascriptEnabled: true, locationContextEnabled: false, networkConnectionEnabled: true, newCommandTimeout: 14, pixelRatio: 2.75, platform: LINUX, platformName: Android, platformVersion: 10, statBarHeight: 89, takesScreenshot: true, udid: c88df41a, viewportRect: {height: 1938, left: 0, top: 89, width: 1080}, warnings: {}, webStorageEnabled: false}
Session ID: 21592917-48c9-4953-b04e-af8d57e89c88
at org.openqa.selenium.remote.http.W3CHttpResponseCodec.createException(W3CHttpResponseCodec.java:187)
at org.openqa.selenium.remote.http.W3CHttpResponseCodec.decode(W3CHttpResponseCodec.java:122)
at org.openqa.selenium.remote.http.W3CHttpResponseCodec.decode(W3CHttpResponseCodec.java:49)
at org.openqa.selenium.remote.HttpCommandExecutor.execute(HttpCommandExecutor.java:158)
at io.appium.java_client.remote.AppiumCommandExecutor.execute(AppiumCommandExecutor.java:239)
at org.openqa.selenium.remote.RemoteWebDriver.execute(RemoteWebDriver.java:552)
at io.appium.java_client.DefaultGenericMobileDriver.execute(DefaultGenericMobileDriver.java:42)
at io.appium.java_client.AppiumDriver.execute(AppiumDriver.java:1)
at io.appium.java_client.android.AndroidDriver.execute(AndroidDriver.java:1)
at org.openqa.selenium.remote.RemoteWebElement.execute(RemoteWebElement.java:285)
at io.appium.java_client.DefaultGenericMobileElement.execute(DefaultGenericMobileElement.java:45)
at io.appium.java_client.MobileElement.execute(MobileElement.java:1)
at io.appium.java_client.android.AndroidElement.execute(AndroidElement.java:1)
at org.openqa.selenium.remote.RemoteWebElement.clear(RemoteWebElement.java:124)
at io.appium.java_client.pagefactory.ElementInterceptor.getObject(ElementInterceptor.java:40)
at io.appium.java_client.pagefactory.interceptors.InterceptorOfASingleElement.intercept(InterceptorOfASingleElement.java:60)
at io.appium.java_client.android.AndroidElement$$EnhancerByCGLIB$$b598166c.clear(<generated>)
at PageObjects.BasePage.setValueToField(BasePage.java:84)
at PageObjects.LoginPage.userLogin(LoginPage.java:49)
at TestCases.TestCaseFirst.addToCart(TestCaseFirst.java:39)
... Removed 34 stack frames]]>
    </failure>
  </testcase> <!-- addToCart -->
</testsuite> <!-- Test -->
