<?xml version="1.0" encoding="UTF-8"?>
<testng-results ignored="0" total="1" passed="1" failed="0" skipped="0">
  <reporter-output>
  </reporter-output>
  <suite started-at="2020-07-06T09:34:04Z" name="Suite" finished-at="2020-07-06T09:34:24Z" duration-ms="19981">
    <groups>
    </groups>
    <test started-at="2020-07-06T09:34:04Z" name="Test" finished-at="2020-07-06T09:34:24Z" duration-ms="19981">
      <class name="TestCases.TestCaseFirst">
        <test-method is-config="true" signature="setup()[pri:0, instance:TestCases.TestCaseFirst@6fdbe764]" started-at="2020-07-06T09:34:04Z" name="setup" finished-at="2020-07-06T09:34:13Z" duration-ms="8931" status="PASS">
          <reporter-output>
          </reporter-output>
        </test-method> <!-- setup -->
        <test-method signature="addToCart()[pri:0, instance:TestCases.TestCaseFirst@6fdbe764]" started-at="2020-07-06T09:34:13Z" name="addToCart" finished-at="2020-07-06T09:34:24Z" duration-ms="10587" status="PASS">
          <reporter-output>
          </reporter-output>
        </test-method> <!-- addToCart -->
        <test-method is-config="true" signature="quit()[pri:0, instance:TestCases.TestCaseFirst@6fdbe764]" started-at="2020-07-06T09:34:24Z" name="quit" finished-at="2020-07-06T09:34:24Z" duration-ms="451" status="PASS">
          <reporter-output>
          </reporter-output>
        </test-method> <!-- quit -->
      </class> <!-- TestCases.TestCaseFirst -->
    </test> <!-- Test -->
  </suite> <!-- Suite -->
</testng-results>
